<?xml version="1.0" encoding="UTF-8"?>
<!-- Generated by org.testng.reporters.JUnitReportReporter -->
<testsuite skipped="0" hostname="DESKTOP-3TH2AEB" name="locationList" tests="1" failures="0" timestamp="23 Jun 2019 11:56:20 GMT" time="1.617" errors="0">
  <testcase name="test1" time="1.617" classname="locationList"/>
</testsuite> <!-- locationList -->
