<?xml version="1.0" encoding="UTF-8"?>
<!-- Generated by org.testng.reporters.JUnitReportReporter -->
<testsuite skipped="0" hostname="DESKTOP-3TH2AEB" name="basics" tests="1" failures="0" timestamp="20 Jun 2019 08:06:47 GMT" time="2.575" errors="0">
  <testcase name="getLocation" time="2.575" classname="basics"/>
</testsuite> <!-- basics -->
